<?xml version='1.0'?>
<ns2:test-suite xmlns:ns2='urn:model.allure.qatools.yandex.ru' start='1588553478683' stop='1588553509348'>
    <name>handle application login</name>
    <title>handle application login</title>
    <test-cases>
        <test-case start='1588553478683' status='broken' stop='1588553489286'>
            <name>enter username</name>
            <title>enter username</title>
            <labels>
                <label name='language' value='javascript'/>
                <label name='framework' value='wdio'/>
                <label name='thread' value='0-8'/>
            </labels>
            <parameters>
                <parameter kind='argument' name='browser' value='chrome'/>
            </parameters>
            <steps/>
            <attachments/>
            <failure>
                <message>element ("#username") still not displayed after 10000ms</message>
                <stack-trace>Error: element ("#username") still not displayed after 10000ms
                    at processTicksAndRejections (internal/process/task_queues.js:97:5)
                    at LoginPage.enterUserName (/Users/pramodmallick/Working/WebdriverIO/WebDriverIO-AllureHTMLReport/pages/loginpage.js:8:23)
                    at Context.&lt;anonymous> (/Users/pramodmallick/Working/WebdriverIO/WebDriverIO-AllureHTMLReport/test/login.test.js:8:19)</stack-trace>
            </failure>
        </test-case>
        <test-case start='1588553489287' status='broken' stop='1588553499314'>
            <name>enter password</name>
            <title>enter password</title>
            <labels>
                <label name='language' value='javascript'/>
                <label name='framework' value='wdio'/>
                <label name='thread' value='0-8'/>
            </labels>
            <parameters>
                <parameter kind='argument' name='browser' value='chrome'/>
            </parameters>
            <steps/>
            <attachments/>
            <failure>
                <message>element ("#password") still not displayed after 10000ms</message>
                <stack-trace>Error: element ("#password") still not displayed after 10000ms
                    at processTicksAndRejections (internal/process/task_queues.js:97:5)
                    at LoginPage.enterPassword (/Users/pramodmallick/Working/WebdriverIO/WebDriverIO-AllureHTMLReport/pages/loginpage.js:12:23)
                    at Context.&lt;anonymous> (/Users/pramodmallick/Working/WebdriverIO/WebDriverIO-AllureHTMLReport/test/login.test.js:12:19)</stack-trace>
            </failure>
        </test-case>
        <test-case start='1588553499315' status='broken' stop='1588553509346'>
            <name>click login button</name>
            <title>click login button</title>
            <labels>
                <label name='language' value='javascript'/>
                <label name='framework' value='wdio'/>
                <label name='thread' value='0-8'/>
            </labels>
            <parameters>
                <parameter kind='argument' name='browser' value='chrome'/>
            </parameters>
            <steps/>
            <attachments/>
            <failure>
                <message>element ("button") still not displayed after 10000ms</message>
                <stack-trace>Error: element ("button") still not displayed after 10000ms
                    at processTicksAndRejections (internal/process/task_queues.js:97:5)
                    at LoginPage.clickOnLogin (/Users/pramodmallick/Working/WebdriverIO/WebDriverIO-AllureHTMLReport/pages/loginpage.js:16:23)
                    at Context.&lt;anonymous> (/Users/pramodmallick/Working/WebdriverIO/WebDriverIO-AllureHTMLReport/test/login.test.js:16:19)</stack-trace>
            </failure>
        </test-case>
        <test-case start='1588553509347' status='pending' stop='1588553509347'>
            <name>should clear username value</name>
            <title>should clear username value</title>
            <labels/>
            <parameters/>
            <steps/>
            <attachments/>
            <failure>
                <message>Test ignored</message>
                <stack-trace>undefined</stack-trace>
            </failure>
        </test-case>
        <test-case start='1588553509347' status='pending' stop='1588553509347'>
            <name>move to element</name>
            <title>move to element</title>
            <labels/>
            <parameters/>
            <steps/>
            <attachments/>
            <failure>
                <message>Test ignored</message>
                <stack-trace>undefined</stack-trace>
            </failure>
        </test-case>
    </test-cases>
</ns2:test-suite>