<?xml version='1.0'?>
<ns2:test-suite xmlns:ns2='urn:model.allure.qatools.yandex.ru' start='1588553427394' stop='1588553460011'>
    <name>handling checkboxes</name>
    <title>handling checkboxes</title>
    <test-cases>
        <test-case start='1588553427394' status='failed' stop='1588553428336'>
            <name>check page url</name>
            <title>check page url</title>
            <labels>
                <label name='language' value='javascript'/>
                <label name='framework' value='wdio'/>
                <label name='thread' value='0-3'/>
            </labels>
            <parameters>
                <parameter kind='argument' name='browser' value='chrome'/>
            </parameters>
            <steps/>
            <attachments/>
            <failure>
                <message>expected 'https://www.google.com/?gws_rd=ssl' to equal 'http://www.google.com/'</message>
                <stack-trace>AssertionError: expected 'https://www.google.com/?gws_rd=ssl' to equal 'http://www.google.com/'
                    at Context.&lt;anonymous> (/Users/pramodmallick/Working/WebdriverIO/WebDriverIO-AllureHTMLReport/test/checkbox.test.js:7:34)</stack-trace>
            </failure>
        </test-case>
        <test-case start='1588553428336' status='broken' stop='1588553439282'>
            <name>should click checkbox</name>
            <title>should click checkbox</title>
            <labels>
                <label name='language' value='javascript'/>
                <label name='framework' value='wdio'/>
                <label name='thread' value='0-3'/>
            </labels>
            <parameters>
                <parameter kind='argument' name='browser' value='chrome'/>
            </parameters>
            <steps/>
            <attachments/>
            <failure>
                <message>element ("ul li:nth-child(6) a") still not displayed after 10000ms</message>
                <stack-trace>Error: element ("ul li:nth-child(6) a") still not displayed after 10000ms
                    at processTicksAndRejections (internal/process/task_queues.js:97:5)
                    at InternetPage.clickOnLink (/Users/pramodmallick/Working/WebdriverIO/WebDriverIO-AllureHTMLReport/pages/internetpage.js:12:32)
                    at Context.&lt;anonymous> (/Users/pramodmallick/Working/WebdriverIO/WebDriverIO-AllureHTMLReport/test/checkbox.test.js:11:22)</stack-trace>
            </failure>
        </test-case>
        <test-case start='1588553439283' status='broken' stop='1588553449647'>
            <name>check checkbox page header</name>
            <title>check checkbox page header</title>
            <labels>
                <label name='language' value='javascript'/>
                <label name='framework' value='wdio'/>
                <label name='thread' value='0-3'/>
            </labels>
            <parameters>
                <parameter kind='argument' name='browser' value='chrome'/>
            </parameters>
            <steps/>
            <attachments/>
            <failure>
                <message>element ("ul li:nth-child(6) a") still not displayed after 10000ms</message>
                <stack-trace>Error: element ("ul li:nth-child(6) a") still not displayed after 10000ms
                    at processTicksAndRejections (internal/process/task_queues.js:97:5)
                    at InternetPage.clickOnLink (/Users/pramodmallick/Working/WebdriverIO/WebDriverIO-AllureHTMLReport/pages/internetpage.js:12:32)
                    at Context.&lt;anonymous> (/Users/pramodmallick/Working/WebdriverIO/WebDriverIO-AllureHTMLReport/test/checkbox.test.js:18:22)</stack-trace>
            </failure>
        </test-case>
        <test-case start='1588553449648' status='broken' stop='1588553460010'>
            <name>check checkbox page url</name>
            <title>check checkbox page url</title>
            <labels>
                <label name='language' value='javascript'/>
                <label name='framework' value='wdio'/>
                <label name='thread' value='0-3'/>
            </labels>
            <parameters>
                <parameter kind='argument' name='browser' value='chrome'/>
            </parameters>
            <steps/>
            <attachments/>
            <failure>
                <message>element ("ul li:nth-child(6) a") still not displayed after 10000ms</message>
                <stack-trace>Error: element ("ul li:nth-child(6) a") still not displayed after 10000ms
                    at processTicksAndRejections (internal/process/task_queues.js:97:5)
                    at InternetPage.clickOnLink (/Users/pramodmallick/Working/WebdriverIO/WebDriverIO-AllureHTMLReport/pages/internetpage.js:12:32)
                    at Context.&lt;anonymous> (/Users/pramodmallick/Working/WebdriverIO/WebDriverIO-AllureHTMLReport/test/checkbox.test.js:25:22)</stack-trace>
            </failure>
        </test-case>
    </test-cases>
</ns2:test-suite>